已經開始建置於 2017/10/3/週二 下午 03:22:53。
     1>節點 2 (Build 目標) 上的專案 "C:\Users\user\Desktop\CH2LAB2_1\ch2lab2_1\ch2lab2_1\ch2lab2_1.vcxproj"。
     1>ClCompile:
         C:\Program Files (x86)\Microsoft Visual Studio 14.0\VC\bin\CL.exe /c /ZI /nologo /W3 /WX- /sdl /Od /Oy- /D _MBCS /Gm /EHsc /RTC1 /MDd /GS /fp:precise /Zc:wchar_t /Zc:forScope /Zc:inline /Fo"Debug\\" /Fd"Debug\vc140.pdb" /Gd /TC /analyze- /errorReport:prompt function_1.c function_2.c function_3.c function_4.c function_5.c main.c
         main.c
         function_5.c
         function_4.c
         function_3.c
         function_2.c
         function_1.c
         正在產生程式碼...
     1>c:\users\user\desktop\ch2lab2_1\ch2lab2_1\ch2lab2_1\function_1.c(27): warning C4716: 'Han_Xin_1': 必須傳回值
     1>c:\users\user\desktop\ch2lab2_1\ch2lab2_1\ch2lab2_1\function_2.c(28): warning C4716: 'Han_Xin_2': 必須傳回值
     1>c:\users\user\desktop\ch2lab2_1\ch2lab2_1\ch2lab2_1\function_3.c(39): warning C4716: 'Han_Xin_3': 必須傳回值
     1>c:\users\user\desktop\ch2lab2_1\ch2lab2_1\ch2lab2_1\function_4.c(39): warning C4716: 'Han_Xin_4': 必須傳回值
     1>c:\users\user\desktop\ch2lab2_1\ch2lab2_1\ch2lab2_1\function_5.c(37): warning C4716: 'Han_Xin_5': 必須傳回值
       Link:
         C:\Program Files (x86)\Microsoft Visual Studio 14.0\VC\bin\link.exe /ERRORREPORT:PROMPT /OUT:"C:\Users\user\Desktop\CH2LAB2_1\ch2lab2_1\Debug\ch2lab2_1.exe" /INCREMENTAL /NOLOGO kernel32.lib user32.lib gdi32.lib winspool.lib comdlg32.lib advapi32.lib shell32.lib ole32.lib oleaut32.lib uuid.lib odbc32.lib odbccp32.lib /MANIFEST /MANIFESTUAC:"level='asInvoker' uiAccess='false'" /manifest:embed /Debug /PDB:"C:\Users\user\Desktop\CH2LAB2_1\ch2lab2_1\Debug\ch2lab2_1.pdb" /TLBID:1 /DYNAMICBASE /NXCOMPAT /IMPLIB:"C:\Users\user\Desktop\CH2LAB2_1\ch2lab2_1\Debug\ch2lab2_1.lib" /MACHINE:X86 Debug\function_1.obj
         Debug\function_2.obj
         Debug\function_3.obj
         Debug\function_4.obj
         Debug\function_5.obj
         Debug\main.obj
         ch2lab2_1.vcxproj -> C:\Users\user\Desktop\CH2LAB2_1\ch2lab2_1\Debug\ch2lab2_1.exe
     1>專案 "C:\Users\user\Desktop\CH2LAB2_1\ch2lab2_1\ch2lab2_1\ch2lab2_1.vcxproj" (Build 目標) 建置完成。

建置成功。

經過時間 00:00:01.07
